Compiled jquery.js  (2ms)  (pid 32419)
Compiled jquery_ujs.js  (0ms)  (pid 32419)
Compiled stack_items.js  (497ms)  (pid 32419)
Compiled application.js  (673ms)  (pid 32419)
Compiled scaffolds.css  (16ms)  (pid 32419)
Compiled stack_items.css  (1ms)  (pid 32419)
Compiled application.css  (33ms)  (pid 32419)
Compiled jquery.js  (2ms)  (pid 32419)
Compiled jquery_ujs.js  (0ms)  (pid 32419)
Compiled stack_items.js  (117ms)  (pid 32419)
Compiled application.js  (141ms)  (pid 32419)
Compiled scaffolds.css  (17ms)  (pid 32419)
Compiled stack_items.css  (1ms)  (pid 32419)
Compiled application.css  (30ms)  (pid 32419)
Compiled jquery.js  (2ms)  (pid 32581)
Compiled jquery_ujs.js  (0ms)  (pid 32581)
Compiled stack_items.js  (180ms)  (pid 32581)
Compiled application.js  (204ms)  (pid 32581)
Compiled scaffolds.css  (40ms)  (pid 32581)
Compiled stack_items.css  (1ms)  (pid 32581)
Compiled application.css  (494ms)  (pid 32581)
Compiled jquery.js  (2ms)  (pid 32581)
Compiled jquery_ujs.js  (0ms)  (pid 32581)
Compiled stack_items.js  (183ms)  (pid 32581)
Compiled application.js  (209ms)  (pid 32581)
Compiled scaffolds.css  (16ms)  (pid 32581)
Compiled stack_items.css  (1ms)  (pid 32581)
Compiled application.css  (30ms)  (pid 32581)
Compiled jquery.js  (2ms)  (pid 76059)
Compiled jquery_ujs.js  (0ms)  (pid 76059)
Compiled stack_items.js  (241ms)  (pid 76059)
Compiled application.js  (405ms)  (pid 76059)
Compiled scaffolds.css  (81ms)  (pid 76059)
Compiled stack_items.css  (2ms)  (pid 76059)
Compiled application.css  (137ms)  (pid 76059)
Compiled jquery.js  (4ms)  (pid 76059)
Compiled jquery_ujs.js  (0ms)  (pid 76059)
Compiled stack_items.js  (146ms)  (pid 76059)
Compiled application.js  (217ms)  (pid 76059)
Compiled scaffolds.css  (16ms)  (pid 76059)
Compiled stack_items.css  (1ms)  (pid 76059)
Compiled application.css  (30ms)  (pid 76059)
Migrating to CreateStackItems (20120514193900)
Migrating to CreateStackItems (20120514193900)
Migrating to CreateStackItems (20120514193900)
